No server found, start one
Not starting broadcast server for localhost.
NS running on localhost:9090 (127.0.0.1)
URI = PYRO:Pyro.NameServer@localhost:9090
2022-10-19 19:42:14.411149 buyer0 joins to buy  salt
2022-10-19 19:42:14.412893 buyer2 joins to buy  fish
2022-10-19 19:42:14.413545 buyer1 joins to buy  fish
2022-10-19 19:42:14.413814 seller5 joins to sell  salt
2022-10-19 19:42:14.414384 buyer3 joins to buy  boar
0.014308   buyer3
0.012731   buyer2
0.006868   buyer1
0.011039   buyer0
0.050645   buyer3
0.059833   buyer2
0.007095   buyer1
0.008326   buyer0
0.009021   buyer3
0.030163   buyer2
0.015284   buyer1
0.010467   buyer0
0.007734   buyer3
0.026245   buyer2
0.01362   buyer1
0.009162   buyer0
0.007847   buyer3
0.007532   buyer2
0.012098   buyer1
0.010313   buyer0
0.007745   buyer3
0.008482   buyer2
0.007176   buyer1
0.009264   buyer0
0.008245   buyer3
0.018937   buyer2
0.00674   buyer1
0.009158   buyer0
0.007494   buyer3
0.00231   buyer2
0.006908   buyer1
0.009722   buyer0
0.007505   buyer3
0.006439   buyer2
0.007688   buyer1
0.01286   buyer0
0.007992   buyer3
0.007579   buyer2
0.007645   buyer1
0.011413   buyer0
0.007385   buyer3
0.006676   buyer2
0.00799   buyer1
0.010212   buyer0
0.007729   buyer3
0.007767   buyer2
0.007644   buyer1
0.008577   buyer0
0.007578   buyer3
0.022081   buyer2
0.007447   buyer1
0.016321   buyer0
0.007834   buyer3
0.007524   buyer2
0.007106   buyer1
0.015833   buyer0
0.004646   buyer3
0.020171   buyer2
0.009032   buyer1
0.013573   buyer0
0.00741   buyer3
0.021284   buyer2
0.007271   buyer1
0.014291   buyer0
0.007088   buyer3
0.006949   buyer2
0.007396   buyer1
0.010459   buyer0
0.002601   buyer3
0.007466   buyer2
0.007509   buyer1
0.014639   buyer0
0.007087   buyer3
0.014933   buyer2
0.007472   buyer1
0.010532   buyer0
0.007165   buyer3
0.010605   buyer2
0.007265   buyer1
0.014828   buyer0
0.007319   buyer3
0.01576   buyer2
0.007251   buyer1
0.014279   buyer0
0.007617   buyer3
0.010353   buyer2
0.007447   buyer1
0.009036   buyer0
0.007448   buyer3
0.005269   buyer2
0.007545   buyer1
0.013646   buyer0
0.008352   buyer3
0.007227   buyer2
0.007742   buyer1
0.006722   buyer0
0.007103   buyer3
0.007938   buyer2
0.008404   buyer1
0.011321   buyer0
0.007965   buyer3
0.010252   buyer2
0.00714   buyer1
0.009783   buyer0
0.007945   buyer3
0.007119   buyer2
0.007718   buyer1
0.011077   buyer0
0.007564   buyer3
0.02247   buyer2
0.007646   buyer1
0.0126   buyer0
0.007682   buyer3
0.01513   buyer2
0.007186   buyer1
0.010576   buyer0
0.007311   buyer3
0.014627   buyer2
0.011553   buyer1
0.010767   buyer0
0.007411   buyer3
0.011516   buyer2
0.007717   buyer1
0.010508   buyer0
0.00919   buyer3
0.007441   buyer2
0.008279   buyer1
0.005088   buyer0
0.007288   buyer3
0.007286   buyer2
0.006739   buyer1
0.009962   buyer0
0.007756   buyer3
0.007057   buyer2
0.007177   buyer1
0.012398   buyer0
0.007436   buyer3
0.007322   buyer2
0.007422   buyer1
0.010789   buyer0
0.007741   buyer3
0.006963   buyer2
0.007207   buyer1
0.013748   buyer0
0.007422   buyer3
0.007221   buyer2
0.007131   buyer1
0.010229   buyer0
0.007229   buyer3
0.01974   buyer2
0.008781   buyer1
0.01374   buyer0
0.006473   buyer3
0.007672   buyer2
0.007055   buyer1
0.010805   buyer0
0.008435   buyer3
0.007318   buyer2
0.007138   buyer1
0.0118   buyer0
0.007865   buyer3
0.006673   buyer2
0.00764   buyer1
0.010366   buyer0
0.007533   buyer3
0.019635   buyer2
0.009276   buyer1
0.010129   buyer0
0.007049   buyer3
0.007285   buyer2
0.007644   buyer1
0.010186   buyer0
0.007704   buyer3
0.007478   buyer2
0.007439   buyer1
0.013986   buyer0
0.007408   buyer3
0.006871   buyer2
0.007407   buyer1
0.010475   buyer0
0.007795   buyer3
0.007049   buyer2
0.00739   buyer1
0.010452   buyer0
0.008792   buyer3
0.013797   buyer2
2022-10-19 19:43:02.724929 Exception in lookup cannot schedule new futures after shutdown
2022-10-19 19:43:02.733063 Exception in lookup cannot schedule new futures after shutdown
0.008142   buyer1
