No server found, start one
Not starting broadcast server for localhost.
NS running on localhost:9090 (127.0.0.1)
URI = PYRO:Pyro.NameServer@localhost:9090
2022-10-19 20:57:31.450956 buyer0 joins to buy  fish
2022-10-19 20:57:31.452814 buyer1 joins to buy  fish
2022-10-19 20:57:31.454762 buyer2 joins to buy  fish
2022-10-19 20:57:31.455233 seller5 joins to sell  fish
0.024643   buyer0
0.022002   buyer2
0.026618   buyer1
0.010159   buyer0
0.017037   buyer1
0.019812   buyer2
0.008151   buyer0
0.014309   buyer1
0.014175   buyer2
0.007665   buyer0
0.014433   buyer1
0.014352   buyer2
0.007825   buyer0
0.016901   buyer1
0.01544   buyer2
0.0076   buyer0
0.01585   buyer1
0.015855   buyer2
0.007708   buyer0
0.015509   buyer2
0.016675   buyer1
0.003186   buyer0
0.004462   buyer2
0.004556   buyer1
0.007664   buyer0
0.015356   buyer2
0.015297   buyer1
0.007728   buyer0
0.012486   buyer2
0.014815   buyer1
0.007651   buyer0
0.012049   buyer2
0.011282   buyer1
0.007512   buyer0
0.012522   buyer2
0.012453   buyer1
0.007559   buyer0
0.010637   buyer2
0.018829   buyer1
0.008379   buyer0
0.007542   buyer2
0.006641   buyer1
0.007931   buyer0
0.007283   buyer2
0.007294   buyer1
0.007517   buyer0
0.007789   buyer2
0.007901   buyer1
0.007457   buyer0
0.007966   buyer2
0.007478   buyer1
0.007256   buyer0
0.008452   buyer2
0.00722   buyer1
0.006991   buyer0
0.007773   buyer2
0.008758   buyer1
0.007316   buyer0
0.007502   buyer2
0.007165   buyer1
0.007843   buyer0
0.008092   buyer2
0.007128   buyer1
0.007519   buyer0
0.008976   buyer2
0.009289   buyer1
0.007739   buyer0
0.007325   buyer2
0.007313   buyer1
0.009851   buyer0
0.007481   buyer2
0.006999   buyer1
0.007559   buyer0
0.007365   buyer2
0.009211   buyer1
0.004301   buyer0
0.008351   buyer2
0.00885   buyer1
0.008109   buyer0
0.008112   buyer2
0.007214   buyer1
0.00996   buyer0
0.010129   buyer2
0.009929   buyer1
0.007487   buyer0
0.007559   buyer2
0.007193   buyer1
0.003591   buyer0
0.002915   buyer1
0.0163   buyer2
0.007564   buyer0
0.011688   buyer1
0.012394   buyer2
0.007439   buyer0
0.009118   buyer1
0.009772   buyer2
0.002843   buyer0
0.008099   buyer1
0.008571   buyer2
0.008161   buyer0
0.007925   buyer1
0.008599   buyer2
0.007292   buyer0
0.007464   buyer1
0.007147   buyer2
0.004971   buyer0
0.003258   buyer1
0.003173   buyer2
0.005077   buyer0
0.008507   buyer1
0.01017   buyer2
0.007642   buyer0
0.008143   buyer1
0.008554   buyer2
0.005533   buyer0
0.00367   buyer1
0.003026   buyer2
0.00696   buyer0
0.002852   buyer1
0.002812   buyer2
0.003014   buyer0
0.003878   buyer1
0.007771   buyer2
0.003422   buyer0
0.008273   buyer1
0.007745   buyer2
0.009925   buyer0
0.008067   buyer1
0.008256   buyer2
0.00771   buyer0
0.003209   buyer1
0.002565   buyer2
0.00935   buyer0
0.008151   buyer1
0.008095   buyer2
0.008156   buyer0
0.007996   buyer1
0.010899   buyer2
