No server found, start one
Not starting broadcast server for localhost.
NS running on localhost:9090 (127.0.0.1)
URI = PYRO:Pyro.NameServer@localhost:9090
2022-10-19 21:01:58.729314 seller5 joins to sell  boar
2022-10-19 21:01:58.734879 buyer1 joins to buy  boar
2022-10-19 21:01:58.735866 buyer0 joins to buy  boar
0.022643   buyer0
0.014368   buyer1
0.013809   buyer0
0.018611   buyer1
0.007906   buyer0
0.004326   buyer1
0.008688   buyer0
0.003905   buyer1
0.008542   buyer0
0.004219   buyer1
0.007623   buyer0
0.003788   buyer1
0.008025   buyer0
0.003889   buyer1
0.007542   buyer0
0.003834   buyer1
0.003383   buyer0
0.001418   buyer1
0.007851   buyer0
0.004584   buyer1
0.00735   buyer0
0.004713   buyer1
0.007853   buyer0
0.003983   buyer1
0.00557   buyer0
0.00398   buyer1
0.007377   buyer0
0.00398   buyer1
0.007413   buyer0
0.003804   buyer1
0.010258   buyer0
0.009251   buyer1
0.007697   buyer0
0.007606   buyer1
0.007576   buyer0
0.001276   buyer1
0.007807   buyer0
0.009376   buyer1
0.003041   buyer0
0.003181   buyer1
0.003387   buyer0
0.002466   buyer1
0.007872   buyer0
0.007713   buyer1
0.007875   buyer0
0.015976   buyer1
0.008394   buyer0
0.00707   buyer1
0.007478   buyer0
0.003854   buyer1
0.003568   buyer0
0.008831   buyer1
0.003159   buyer0
0.0135   buyer1
0.003791   buyer0
0.016557   buyer1
0.007616   buyer0
0.015888   buyer1
0.007556   buyer0
0.003018   buyer1
0.003662   buyer0
0.00402   buyer1
0.007423   buyer0
0.008814   buyer1
0.004381   buyer0
0.010336   buyer1
0.003315   buyer0
0.010836   buyer1
0.004441   buyer0
0.015977   buyer1
0.002815   buyer0
0.007453   buyer1
0.010706   buyer0
0.006119   buyer1
0.008802   buyer0
0.002566   buyer1
0.007766   buyer0
0.006382   buyer1
0.004265   buyer0
0.004043   buyer1
0.007529   buyer0
0.009836   buyer1
0.008783   buyer0
0.005658   buyer1
0.008466   buyer0
0.005231   buyer1
0.003208   buyer0
0.002747   buyer1
0.003517   buyer0
0.015951   buyer1
0.009784   buyer0
0.00334   buyer1
0.00842   buyer0
0.002882   buyer1
0.006911   buyer0
0.006002   buyer1
0.012462   buyer0
0.002001   buyer1
0.012405   buyer0
0.003944   buyer1
2022-10-19 21:02:50.213171 Exception in lookup cannot schedule new futures after shutdown
0.018903   buyer0
0.008276   buyer1
