No server found, start one
Not starting broadcast server for localhost.
NS running on localhost:9090 (127.0.0.1)
URI = PYRO:Pyro.NameServer@localhost:9090
2022-10-19 20:44:05.007880 buyer0 joins to buy  fish
2022-10-19 20:44:05.011576 buyer3 joins to buy  fish
2022-10-19 20:44:05.013851 buyer2 joins to buy  fish
2022-10-19 20:44:05.014481 seller5 joins to sell  fish
2022-10-19 20:44:05.015190 buyer1 joins to buy  fish
0.048242   buyer2
0.014998   buyer1
0.019729   buyer0
0.048285   buyer3
0.040928   buyer2
0.029296   buyer3
0.026127   buyer1
0.031217   buyer0
0.011131   buyer2
0.007192   buyer3
0.016422   buyer0
0.017729   buyer1
0.004293   buyer2
0.007682   buyer3
0.015658   buyer0
0.009972   buyer1
0.010462   buyer2
0.007341   buyer3
0.003268   buyer0
0.002432   buyer1
0.014042   buyer2
0.007724   buyer3
0.013614   buyer0
0.006829   buyer1
0.010455   buyer2
0.021469   buyer3
0.012118   buyer0
0.006703   buyer1
0.010855   buyer2
0.007403   buyer3
0.011122   buyer0
0.007818   buyer1
0.009919   buyer2
0.007063   buyer3
0.01219   buyer0
0.006244   buyer1
0.012069   buyer2
0.007032   buyer3
0.011546   buyer0
0.00501   buyer1
0.01028   buyer2
0.00772   buyer3
0.016031   buyer0
0.011397   buyer1
0.010933   buyer2
0.00894   buyer3
0.008149   buyer0
0.002537   buyer1
0.013082   buyer2
0.009338   buyer3
0.006149   buyer0
0.004637   buyer1
0.01061   buyer2
0.00712   buyer3
0.013873   buyer0
0.010475   buyer1
0.010616   buyer2
0.007309   buyer3
0.017449   buyer0
0.007894   buyer1
0.010501   buyer2
0.007619   buyer3
0.016359   buyer0
0.01514   buyer1
0.010811   buyer2
0.01367   buyer3
0.020945   buyer0
0.009112   buyer1
0.005209   buyer2
0.011741   buyer3
0.003329   buyer0
0.004428   buyer1
0.010508   buyer2
0.010722   buyer3
0.0029   buyer0
0.00167   buyer1
0.01076   buyer2
0.006868   buyer3
0.017674   buyer0
0.010368   buyer1
0.012671   buyer2
0.007767   buyer3
0.033999   buyer0
0.012548   buyer1
0.010782   buyer2
0.03554   buyer3
0.014635   buyer1
0.01697   buyer0
0.007117   buyer2
0.015991   buyer3
0.015784   buyer1
0.014764   buyer0
0.010613   buyer2
0.019585   buyer3
0.016342   buyer0
0.015289   buyer1
0.011175   buyer2
0.011027   buyer3
0.015367   buyer1
0.015272   buyer0
0.004069   buyer2
0.004827   buyer3
0.009974   buyer1
0.018175   buyer0
0.011085   buyer2
0.010715   buyer3
0.024733   buyer1
0.019099   buyer0
0.01084   buyer2
0.007262   buyer3
0.017602   buyer0
0.021427   buyer1
0.010714   buyer2
0.007585   buyer3
0.015058   buyer0
0.008338   buyer1
0.00362   buyer2
0.037078   buyer3
0.01355   buyer0
0.012715   buyer1
0.010371   buyer2
0.020377   buyer3
0.016823   buyer0
0.005241   buyer1
0.004329   buyer2
0.007091   buyer3
0.018201   buyer0
0.017177   buyer1
0.010562   buyer2
0.006954   buyer3
0.0166   buyer0
0.010563   buyer1
0.005315   buyer2
0.013532   buyer3
0.016567   buyer0
0.011546   buyer1
0.011327   buyer2
0.010777   buyer3
0.015735   buyer0
0.008345   buyer1
0.010662   buyer2
0.007983   buyer3
0.015522   buyer0
0.007333   buyer1
0.012019   buyer2
0.006647   buyer3
0.014413   buyer0
0.006315   buyer1
0.01041   buyer2
0.022107   buyer3
0.017367   buyer0
0.007491   buyer1
0.0106   buyer2
0.02117   buyer3
0.015084   buyer0
0.007208   buyer1
0.010837   buyer2
0.021829   buyer3
0.014973   buyer0
0.004724   buyer1
0.010851   buyer2
0.008359   buyer3
0.016336   buyer0
0.009871   buyer1
0.010304   buyer2
0.021244   buyer3
0.011308   buyer0
0.010027   buyer1
0.00671   buyer2
0.015695   buyer3
0.00739   buyer0
0.006855   buyer1
0.010352   buyer2
0.021728   buyer3
0.007695   buyer0
0.00733   buyer1
0.010929   buyer2
0.007502   buyer3
0.007704   buyer0
0.004694   buyer1
0.010976   buyer2
0.019057   buyer3
0.012058   buyer0
0.009723   buyer1
0.010602   buyer2
0.007686   buyer3
0.008213   buyer0
0.004397   buyer1
0.01047   buyer2
0.007311   buyer3
0.017068   buyer0
0.010388   buyer1
0.010392   buyer2
0.020284   buyer3
0.013164   buyer0
0.006819   buyer1
0.010419   buyer2
0.015293   buyer3
0.018821   buyer0
0.007199   buyer1
0.010378   buyer2
0.010382   buyer3
0.019743   buyer0
0.00817   buyer1
0.010516   buyer2
0.007213   buyer3
0.014499   buyer0
0.015305   buyer1
0.011078   buyer2
0.013972   buyer3
0.012914   buyer0
0.009525   buyer1
0.010896   buyer2
0.010637   buyer3
0.008161   buyer0
0.006784   buyer1
0.009982   buyer2
0.006992   buyer3
0.007317   buyer0
0.007473   buyer1
0.009572   buyer2
0.007376   buyer3
0.008388   buyer0
0.006639   buyer1
0.009659   buyer2
0.00775   buyer3
0.009066   buyer0
0.012316   buyer1
0.016713   buyer2
0.008373   buyer3
0.007009   buyer0
0.01494   buyer1
0.022607   buyer2
0.007011   buyer3
0.007686   buyer0
0.020601   buyer2
0.010381   buyer1
0.007392   buyer3
0.008304   buyer0
0.016911   buyer2
0.004646   buyer1
0.00261   buyer3
0.007249   buyer0
0.012255   buyer2
0.009452   buyer1
0.013113   buyer3
0.007657   buyer0
0.011902   buyer2
0.007062   buyer1
0.011076   buyer3
0.007376   buyer0
0.010108   buyer2
0.007344   buyer1
0.015051   buyer3
0.013951   buyer0
0.017893   buyer2
0.00773   buyer1
0.01114   buyer3
0.020685   buyer2
0.013971   buyer0
0.007355   buyer1
0.020619   buyer3
0.016429   buyer2
0.007569   buyer0
0.005731   buyer1
0.007406   buyer3
0.010468   buyer2
0.007212   buyer0
0.009791   buyer1
0.007898   buyer3
0.01049   buyer2
0.00718   buyer0
0.005422   buyer1
0.010557   buyer3
0.010813   buyer2
0.007498   buyer0
0.010182   buyer1
0.020686   buyer3
0.010991   buyer2
0.007779   buyer0
0.010725   buyer1
0.008267   buyer3
0.009603   buyer2
0.004817   buyer0
0.006887   buyer1
0.007616   buyer3
0.004627   buyer2
0.007764   buyer0
0.007203   buyer1
0.007742   buyer3
0.011353   buyer2
0.007062   buyer0
0.00452   buyer1
0.014308   buyer3
0.004009   buyer2
0.007565   buyer0
0.009557   buyer1
0.010798   buyer3
0.010311   buyer2
0.007268   buyer0
0.00655   buyer1
0.007399   buyer3
0.011486   buyer2
0.007166   buyer0
0.004638   buyer1
0.018764   buyer3
0.010251   buyer2
0.008033   buyer0
0.011357   buyer1
0.007539   buyer3
0.010316   buyer2
0.007467   buyer0
0.006325   buyer1
0.011022   buyer3
0.010528   buyer2
0.007017   buyer0
0.008468   buyer1
0.007642   buyer3
0.010861   buyer2
0.007451   buyer0
0.004746   buyer1
0.00823   buyer3
0.01065   buyer2
0.007879   buyer0
0.011253   buyer1
0.007397   buyer3
0.011505   buyer2
0.006987   buyer0
0.007244   buyer1
0.007378   buyer3
0.010781   buyer2
0.007284   buyer0
0.007343   buyer1
0.007605   buyer3
0.010737   buyer2
0.008375   buyer0
0.007456   buyer1
0.015148   buyer3
0.01061   buyer2
0.008781   buyer0
0.007276   buyer1
0.011761   buyer3
0.011057   buyer2
0.007659   buyer0
0.006195   buyer1
0.007591   buyer3
0.01096   buyer2
0.008332   buyer0
0.008561   buyer1
0.007472   buyer3
0.010837   buyer2
0.007729   buyer0
0.006158   buyer1
0.021203   buyer3
0.010751   buyer2
0.007353   buyer0
0.006836   buyer1
0.003016   buyer3
0.010653   buyer2
0.009243   buyer0
0.007347   buyer1
0.007342   buyer3
0.012219   buyer2
0.009994   buyer0
0.007279   buyer1
0.014042   buyer3
0.011101   buyer2
0.003166   buyer0
0.005578   buyer1
0.011331   buyer3
0.011325   buyer2
0.003326   buyer0
0.00168   buyer1
0.007488   buyer3
0.010624   buyer2
0.007533   buyer0
0.010825   buyer1
0.007357   buyer3
0.010636   buyer2
0.010472   buyer0
0.00328   buyer1
0.007131   buyer3
0.009005   buyer2
0.008123   buyer0
0.004587   buyer1
0.009773   buyer3
0.011027   buyer2
0.010864   buyer0
0.010313   buyer1
0.007657   buyer3
0.010575   buyer2
0.007318   buyer0
0.006884   buyer1
0.008179   buyer3
0.010659   buyer2
0.006973   buyer0
0.007657   buyer1
0.006779   buyer3
0.010698   buyer2
0.00278   buyer0
0.007212   buyer1
0.008169   buyer3
0.010715   buyer2
0.007388   buyer0
0.007339   buyer1
0.007254   buyer3
0.008421   buyer2
0.00713   buyer0
0.005299   buyer1
0.007357   buyer3
0.010471   buyer2
0.007606   buyer0
0.010655   buyer1
0.006999   buyer3
0.010538   buyer2
0.008896   buyer0
0.006951   buyer1
0.007972   buyer3
0.006133   buyer2
0.007682   buyer0
0.00805   buyer1
0.008025   buyer3
0.010313   buyer2
0.003327   buyer0
0.00729   buyer1
0.020583   buyer3
0.010519   buyer2
0.002427   buyer0
0.008695   buyer1
0.007643   buyer3
0.010936   buyer2
0.004064   buyer0
0.007053   buyer1
0.00812   buyer3
0.010648   buyer2
0.002692   buyer0
0.005234   buyer1
0.007632   buyer3
0.011375   buyer2
0.006895   buyer0
0.013823   buyer1
0.007495   buyer3
0.011732   buyer2
0.007339   buyer0
0.013441   buyer1
0.004083   buyer3
0.011119   buyer2
0.008562   buyer0
0.003509   buyer1
0.015706   buyer3
0.013598   buyer2
0.008358   buyer0
0.012781   buyer1
0.011669   buyer3
0.011132   buyer2
0.007384   buyer0
0.007048   buyer1
0.015678   buyer3
0.010656   buyer2
0.002896   buyer0
0.007704   buyer1
0.010617   buyer3
0.010568   buyer2
0.008247   buyer0
0.007148   buyer1
0.007666   buyer3
0.008733   buyer2
0.007124   buyer0
0.007245   buyer1
0.020257   buyer3
0.010486   buyer2
0.007151   buyer0
0.007646   buyer1
0.020328   buyer3
0.010974   buyer2
0.002794   buyer0
0.003327   buyer1
0.007406   buyer3
0.010665   buyer2
0.007211   buyer0
0.007294   buyer1
0.007073   buyer3
0.010982   buyer2
0.007208   buyer0
0.007329   buyer1
0.007513   buyer3
0.011692   buyer2
0.007751   buyer0
0.007419   buyer1
0.013286   buyer3
0.011125   buyer2
0.003004   buyer0
0.007646   buyer1
0.010456   buyer3
2022-10-19 20:46:11.619562 Exception in lookup cannot schedule new futures after shutdown
0.005322   buyer2
